{"/home/japostol/Documents/Gitlab/klark-js/lib/logger.js":{"path":"/home/japostol/Documents/Gitlab/klark-js/lib/logger.js","s":{"1":1,"2":1,"3":1,"4":1,"5":6,"6":1,"7":9,"8":1,"9":1,"10":1,"11":1,"12":13,"13":1,"14":1,"15":76,"16":1,"17":1,"18":1,"19":1,"20":1,"21":1,"22":1,"23":1,"24":1,"25":1,"26":2,"27":1,"28":1,"29":7,"30":7,"31":7,"32":0},"b":{"1":[1,0],"2":[1,0,0],"3":[1,12],"4":[13,13],"5":[1,75],"6":[1,1],"7":[7,0]},"f":{"1":6,"2":9,"3":1,"4":13,"5":76,"6":1,"7":1,"8":1,"9":1,"10":2,"11":7},"fnMap":{"1":{"name":"setLoggerDecorator","line":19,"loc":{"start":{"line":19,"column":0},"end":{"line":19,"column":46}}},"2":{"name":"setLogLevel","line":23,"loc":{"start":{"line":23,"column":0},"end":{"line":23,"column":32}}},"3":{"name":"low","line":27,"loc":{"start":{"line":27,"column":0},"end":{"line":27,"column":15}}},"4":{"name":"middle","line":33,"loc":{"start":{"line":33,"column":0},"end":{"line":33,"column":18}}},"5":{"name":"high","line":39,"loc":{"start":{"line":39,"column":0},"end":{"line":39,"column":16}}},"6":{"name":"log","line":45,"loc":{"start":{"line":45,"column":0},"end":{"line":45,"column":15}}},"7":{"name":"info","line":49,"loc":{"start":{"line":49,"column":0},"end":{"line":49,"column":16}}},"8":{"name":"warn","line":53,"loc":{"start":{"line":53,"column":0},"end":{"line":53,"column":16}}},"9":{"name":"error","line":57,"loc":{"start":{"line":57,"column":0},"end":{"line":57,"column":17}}},"10":{"name":"assert","line":61,"loc":{"start":{"line":61,"column":0},"end":{"line":61,"column":27}}},"11":{"name":"apply","line":67,"loc":{"start":{"line":67,"column":0},"end":{"line":67,"column":28}}}},"statementMap":{"1":{"start":{"line":3,"column":0},"end":{"line":14,"column":2}},"2":{"start":{"line":16,"column":0},"end":{"line":16,"column":20}},"3":{"start":{"line":17,"column":0},"end":{"line":17,"column":21}},"4":{"start":{"line":19,"column":0},"end":{"line":21,"column":1}},"5":{"start":{"line":20,"column":2},"end":{"line":20,"column":37}},"6":{"start":{"line":23,"column":0},"end":{"line":25,"column":1}},"7":{"start":{"line":24,"column":2},"end":{"line":24,"column":23}},"8":{"start":{"line":27,"column":0},"end":{"line":31,"column":1}},"9":{"start":{"line":28,"column":2},"end":{"line":30,"column":3}},"10":{"start":{"line":29,"column":4},"end":{"line":29,"column":28}},"11":{"start":{"line":33,"column":0},"end":{"line":37,"column":1}},"12":{"start":{"line":34,"column":2},"end":{"line":36,"column":3}},"13":{"start":{"line":35,"column":4},"end":{"line":35,"column":28}},"14":{"start":{"line":39,"column":0},"end":{"line":43,"column":1}},"15":{"start":{"line":40,"column":2},"end":{"line":42,"column":3}},"16":{"start":{"line":41,"column":4},"end":{"line":41,"column":28}},"17":{"start":{"line":45,"column":0},"end":{"line":47,"column":1}},"18":{"start":{"line":46,"column":2},"end":{"line":46,"column":26}},"19":{"start":{"line":49,"column":0},"end":{"line":51,"column":1}},"20":{"start":{"line":50,"column":2},"end":{"line":50,"column":27}},"21":{"start":{"line":53,"column":0},"end":{"line":55,"column":1}},"22":{"start":{"line":54,"column":2},"end":{"line":54,"column":27}},"23":{"start":{"line":57,"column":0},"end":{"line":59,"column":1}},"24":{"start":{"line":58,"column":2},"end":{"line":58,"column":28}},"25":{"start":{"line":61,"column":0},"end":{"line":65,"column":1}},"26":{"start":{"line":62,"column":2},"end":{"line":64,"column":3}},"27":{"start":{"line":63,"column":4},"end":{"line":63,"column":25}},"28":{"start":{"line":67,"column":0},"end":{"line":74,"column":1}},"29":{"start":{"line":68,"column":2},"end":{"line":68,"column":54}},"30":{"start":{"line":69,"column":2},"end":{"line":73,"column":3}},"31":{"start":{"line":70,"column":4},"end":{"line":70,"column":31}},"32":{"start":{"line":72,"column":4},"end":{"line":72,"column":38}}},"branchMap":{"1":{"line":28,"type":"if","locations":[{"start":{"line":28,"column":2},"end":{"line":28,"column":2}},{"start":{"line":28,"column":2},"end":{"line":28,"column":2}}]},"2":{"line":28,"type":"binary-expr","locations":[{"start":{"line":28,"column":6},"end":{"line":28,"column":24}},{"start":{"line":28,"column":28},"end":{"line":28,"column":49}},{"start":{"line":28,"column":53},"end":{"line":28,"column":72}}]},"3":{"line":34,"type":"if","locations":[{"start":{"line":34,"column":2},"end":{"line":34,"column":2}},{"start":{"line":34,"column":2},"end":{"line":34,"column":2}}]},"4":{"line":34,"type":"binary-expr","locations":[{"start":{"line":34,"column":6},"end":{"line":34,"column":27}},{"start":{"line":34,"column":31},"end":{"line":34,"column":50}}]},"5":{"line":40,"type":"if","locations":[{"start":{"line":40,"column":2},"end":{"line":40,"column":2}},{"start":{"line":40,"column":2},"end":{"line":40,"column":2}}]},"6":{"line":62,"type":"if","locations":[{"start":{"line":62,"column":2},"end":{"line":62,"column":2}},{"start":{"line":62,"column":2},"end":{"line":62,"column":2}}]},"7":{"line":69,"type":"if","locations":[{"start":{"line":69,"column":2},"end":{"line":69,"column":2}},{"start":{"line":69,"column":2},"end":{"line":69,"column":2}}]}}},"/home/japostol/Documents/Gitlab/klark-js/lib/configuration-loader.js":{"path":"/home/japostol/Documents/Gitlab/klark-js/lib/configuration-loader.js","s":{"1":1,"2":1,"3":1,"4":1,"5":12,"6":12,"7":12,"8":12,"9":12,"10":1,"11":12,"12":1,"13":1,"14":1},"b":{"1":[12,5]},"f":{"1":12,"2":12,"3":1},"fnMap":{"1":{"name":"configurationLoader","line":9,"loc":{"start":{"line":9,"column":0},"end":{"line":9,"column":43}}},"2":{"name":"getDefaultConfig","line":19,"loc":{"start":{"line":19,"column":0},"end":{"line":19,"column":28}}},"3":{"name":"(anonymous_3)","line":21,"loc":{"start":{"line":21,"column":25},"end":{"line":21,"column":36}}}},"statementMap":{"1":{"start":{"line":3,"column":0},"end":{"line":3,"column":26}},"2":{"start":{"line":5,"column":0},"end":{"line":5,"column":52}},"3":{"start":{"line":7,"column":0},"end":{"line":7,"column":37}},"4":{"start":{"line":9,"column":0},"end":{"line":17,"column":1}},"5":{"start":{"line":10,"column":2},"end":{"line":10,"column":34}},"6":{"start":{"line":11,"column":2},"end":{"line":11,"column":41}},"7":{"start":{"line":13,"column":2},"end":{"line":13,"column":50}},"8":{"start":{"line":14,"column":2},"end":{"line":14,"column":74}},"9":{"start":{"line":16,"column":2},"end":{"line":16,"column":16}},"10":{"start":{"line":19,"column":0},"end":{"line":34,"column":1}},"11":{"start":{"line":20,"column":2},"end":{"line":33,"column":4}},"12":{"start":{"line":22,"column":6},"end":{"line":22,"column":42}},"13":{"start":{"line":23,"column":6},"end":{"line":23,"column":48}},"14":{"start":{"line":24,"column":6},"end":{"line":24,"column":35}}},"branchMap":{"1":{"line":10,"type":"binary-expr","locations":[{"start":{"line":10,"column":15},"end":{"line":10,"column":27}},{"start":{"line":10,"column":31},"end":{"line":10,"column":33}}]}}},"/home/japostol/Documents/Gitlab/klark-js/lib/module-decorator.js":{"path":"/home/japostol/Documents/Gitlab/klark-js/lib/module-decorator.js","s":{"1":1,"2":1,"3":1,"4":1,"5":7,"6":1,"7":6,"8":0,"9":0,"10":6,"11":1,"12":1,"13":5,"14":5,"15":5,"16":1,"17":1,"18":1,"19":5,"20":5,"21":5,"22":1,"23":5,"24":5,"25":36,"26":36,"27":36,"28":2,"29":5,"30":1,"31":36,"32":1,"33":11,"34":11,"35":11,"36":5,"37":5,"38":5,"39":11,"40":1,"41":16},"b":{"1":[1,6],"2":[7,6],"3":[0,6],"4":[6,6],"5":[1,5],"6":[0,5],"7":[2,34],"8":[36,31,31],"9":[5,6],"10":[5,5]},"f":{"1":7,"2":5,"3":5,"4":36,"5":36,"6":11,"7":16},"fnMap":{"1":{"name":"moduleDecorator","line":14,"loc":{"start":{"line":14,"column":0},"end":{"line":14,"column":54}}},"2":{"name":"getParameterNames","line":46,"loc":{"start":{"line":46,"column":0},"end":{"line":46,"column":33}}},"3":{"name":"toKebabCaseOnlyCharacters","line":52,"loc":{"start":{"line":52,"column":0},"end":{"line":52,"column":40}}},"4":{"name":"(anonymous_4)","line":54,"loc":{"start":{"line":54,"column":14},"end":{"line":54,"column":31}}},"5":{"name":"isAlphaNumericUpperCase","line":64,"loc":{"start":{"line":64,"column":0},"end":{"line":64,"column":36}}},"6":{"name":"exportDependency","line":68,"loc":{"start":{"line":68,"column":0},"end":{"line":68,"column":38}}},"7":{"name":"isExternalControllerParameterName","line":83,"loc":{"start":{"line":83,"column":0},"end":{"line":83,"column":49}}}},"statementMap":{"1":{"start":{"line":3,"column":0},"end":{"line":3,"column":26}},"2":{"start":{"line":5,"column":0},"end":{"line":5,"column":33}},"3":{"start":{"line":7,"column":0},"end":{"line":12,"column":2}},"4":{"start":{"line":14,"column":0},"end":{"line":41,"column":1}},"5":{"start":{"line":15,"column":2},"end":{"line":17,"column":3}},"6":{"start":{"line":16,"column":4},"end":{"line":16,"column":125}},"7":{"start":{"line":19,"column":2},"end":{"line":24,"column":3}},"8":{"start":{"line":20,"column":4},"end":{"line":22,"column":6}},"9":{"start":{"line":23,"column":4},"end":{"line":23,"column":11}},"10":{"start":{"line":26,"column":2},"end":{"line":31,"column":3}},"11":{"start":{"line":27,"column":4},"end":{"line":29,"column":6}},"12":{"start":{"line":30,"column":4},"end":{"line":30,"column":11}},"13":{"start":{"line":33,"column":2},"end":{"line":33,"column":49}},"14":{"start":{"line":34,"column":2},"end":{"line":34,"column":57}},"15":{"start":{"line":36,"column":2},"end":{"line":40,"column":4}},"16":{"start":{"line":43,"column":0},"end":{"line":43,"column":56}},"17":{"start":{"line":44,"column":0},"end":{"line":44,"column":34}},"18":{"start":{"line":46,"column":0},"end":{"line":50,"column":1}},"19":{"start":{"line":47,"column":2},"end":{"line":47,"column":58}},"20":{"start":{"line":48,"column":2},"end":{"line":48,"column":93}},"21":{"start":{"line":49,"column":2},"end":{"line":49,"column":39}},"22":{"start":{"line":52,"column":0},"end":{"line":62,"column":1}},"23":{"start":{"line":53,"column":2},"end":{"line":53,"column":17}},"24":{"start":{"line":54,"column":2},"end":{"line":60,"column":5}},"25":{"start":{"line":55,"column":4},"end":{"line":55,"column":32}},"26":{"start":{"line":56,"column":4},"end":{"line":56,"column":29}},"27":{"start":{"line":57,"column":4},"end":{"line":59,"column":5}},"28":{"start":{"line":58,"column":6},"end":{"line":58,"column":19}},"29":{"start":{"line":61,"column":2},"end":{"line":61,"column":15}},"30":{"start":{"line":64,"column":0},"end":{"line":66,"column":1}},"31":{"start":{"line":65,"column":2},"end":{"line":65,"column":62}},"32":{"start":{"line":68,"column":0},"end":{"line":81,"column":1}},"33":{"start":{"line":69,"column":2},"end":{"line":69,"column":65}},"34":{"start":{"line":70,"column":2},"end":{"line":70,"column":24}},"35":{"start":{"line":71,"column":2},"end":{"line":75,"column":3}},"36":{"start":{"line":72,"column":4},"end":{"line":72,"column":51}},"37":{"start":{"line":73,"column":4},"end":{"line":73,"column":78}},"38":{"start":{"line":74,"column":4},"end":{"line":74,"column":81}},"39":{"start":{"line":77,"column":2},"end":{"line":80,"column":4}},"40":{"start":{"line":83,"column":0},"end":{"line":85,"column":1}},"41":{"start":{"line":84,"column":2},"end":{"line":84,"column":33}}},"branchMap":{"1":{"line":15,"type":"if","locations":[{"start":{"line":15,"column":2},"end":{"line":15,"column":2}},{"start":{"line":15,"column":2},"end":{"line":15,"column":2}}]},"2":{"line":15,"type":"binary-expr","locations":[{"start":{"line":15,"column":8},"end":{"line":15,"column":23}},{"start":{"line":15,"column":27},"end":{"line":15,"column":38}}]},"3":{"line":19,"type":"if","locations":[{"start":{"line":19,"column":2},"end":{"line":19,"column":2}},{"start":{"line":19,"column":2},"end":{"line":19,"column":2}}]},"4":{"line":19,"type":"binary-expr","locations":[{"start":{"line":19,"column":8},"end":{"line":19,"column":18}},{"start":{"line":19,"column":22},"end":{"line":19,"column":46}}]},"5":{"line":26,"type":"if","locations":[{"start":{"line":26,"column":2},"end":{"line":26,"column":2}},{"start":{"line":26,"column":2},"end":{"line":26,"column":2}}]},"6":{"line":49,"type":"cond-expr","locations":[{"start":{"line":49,"column":27},"end":{"line":49,"column":29}},{"start":{"line":49,"column":32},"end":{"line":49,"column":38}}]},"7":{"line":57,"type":"if","locations":[{"start":{"line":57,"column":4},"end":{"line":57,"column":4}},{"start":{"line":57,"column":4},"end":{"line":57,"column":4}}]},"8":{"line":65,"type":"binary-expr","locations":[{"start":{"line":65,"column":9},"end":{"line":65,"column":10}},{"start":{"line":65,"column":14},"end":{"line":65,"column":36}},{"start":{"line":65,"column":40},"end":{"line":65,"column":61}}]},"9":{"line":71,"type":"if","locations":[{"start":{"line":71,"column":2},"end":{"line":71,"column":2}},{"start":{"line":71,"column":2},"end":{"line":71,"column":2}}]},"10":{"line":74,"type":"binary-expr","locations":[{"start":{"line":74,"column":11},"end":{"line":74,"column":56}},{"start":{"line":74,"column":60},"end":{"line":74,"column":80}}]}}},"/home/japostol/Documents/Gitlab/klark-js/lib/track-application-files.js":{"path":"/home/japostol/Documents/Gitlab/klark-js/lib/track-application-files.js","s":{"1":1,"2":1,"3":1,"4":1,"5":1,"6":9,"7":1,"8":8,"9":8,"10":1,"11":7},"b":{"1":[1,8],"2":[9,8],"3":[1,7],"4":[8,8]},"f":{"1":9,"2":8},"fnMap":{"1":{"name":"trackApplicationFiles","line":9,"loc":{"start":{"line":9,"column":0},"end":{"line":9,"column":52}}},"2":{"name":"(anonymous_2)","line":15,"loc":{"start":{"line":15,"column":10},"end":{"line":15,"column":31}}}},"statementMap":{"1":{"start":{"line":3,"column":0},"end":{"line":3,"column":33}},"2":{"start":{"line":4,"column":0},"end":{"line":4,"column":26}},"3":{"start":{"line":5,"column":0},"end":{"line":5,"column":31}},"4":{"start":{"line":7,"column":0},"end":{"line":7,"column":39}},"5":{"start":{"line":9,"column":0},"end":{"line":21,"column":1}},"6":{"start":{"line":10,"column":2},"end":{"line":12,"column":3}},"7":{"start":{"line":11,"column":4},"end":{"line":11,"column":71}},"8":{"start":{"line":14,"column":2},"end":{"line":20,"column":7}},"9":{"start":{"line":16,"column":6},"end":{"line":18,"column":7}},"10":{"start":{"line":17,"column":8},"end":{"line":17,"column":107}},"11":{"start":{"line":19,"column":6},"end":{"line":19,"column":24}}},"branchMap":{"1":{"line":10,"type":"if","locations":[{"start":{"line":10,"column":2},"end":{"line":10,"column":2}},{"start":{"line":10,"column":2},"end":{"line":10,"column":2}}]},"2":{"line":10,"type":"binary-expr","locations":[{"start":{"line":10,"column":8},"end":{"line":10,"column":24}},{"start":{"line":10,"column":28},"end":{"line":10,"column":52}}]},"3":{"line":16,"type":"if","locations":[{"start":{"line":16,"column":6},"end":{"line":16,"column":6}},{"start":{"line":16,"column":6},"end":{"line":16,"column":6}}]},"4":{"line":16,"type":"binary-expr","locations":[{"start":{"line":16,"column":12},"end":{"line":16,"column":22}},{"start":{"line":16,"column":26},"end":{"line":16,"column":43}}]}}},"/home/japostol/Documents/Gitlab/klark-js/lib/gather-modules-model.js":{"path":"/home/japostol/Documents/Gitlab/klark-js/lib/gather-modules-model.js","s":{"1":1,"2":1,"3":1,"4":1,"5":12,"6":1,"7":11,"8":11,"9":11,"10":25,"11":25,"12":25,"13":8,"14":3,"15":1,"16":26,"17":26,"18":26,"19":2,"20":1,"21":1,"22":24,"23":0,"24":24,"25":1,"26":23,"27":23},"b":{"1":[1,11],"2":[12,11],"3":[10,1],"4":[1,1],"5":[0,24],"6":[24,24],"7":[1,23]},"f":{"1":12,"2":25,"3":25,"4":26},"fnMap":{"1":{"name":"gatherModulesModel","line":11,"loc":{"start":{"line":11,"column":0},"end":{"line":11,"column":44}}},"2":{"name":"(anonymous_2)","line":18,"loc":{"start":{"line":18,"column":39},"end":{"line":18,"column":57}}},"3":{"name":"(anonymous_3)","line":20,"loc":{"start":{"line":20,"column":41},"end":{"line":20,"column":52}}},"4":{"name":"tryLoadModule","line":30,"loc":{"start":{"line":30,"column":0},"end":{"line":30,"column":41}}}},"statementMap":{"1":{"start":{"line":3,"column":0},"end":{"line":3,"column":33}},"2":{"start":{"line":4,"column":0},"end":{"line":4,"column":26}},"3":{"start":{"line":6,"column":0},"end":{"line":9,"column":2}},"4":{"start":{"line":11,"column":0},"end":{"line":28,"column":1}},"5":{"start":{"line":12,"column":2},"end":{"line":14,"column":3}},"6":{"start":{"line":13,"column":4},"end":{"line":13,"column":68}},"7":{"start":{"line":16,"column":2},"end":{"line":16,"column":32}},"8":{"start":{"line":17,"column":2},"end":{"line":27,"column":3}},"9":{"start":{"line":18,"column":4},"end":{"line":23,"column":7}},"10":{"start":{"line":19,"column":6},"end":{"line":19,"column":40}},"11":{"start":{"line":20,"column":6},"end":{"line":22,"column":9}},"12":{"start":{"line":21,"column":8},"end":{"line":21,"column":37}},"13":{"start":{"line":24,"column":4},"end":{"line":24,"column":41}},"14":{"start":{"line":26,"column":4},"end":{"line":26,"column":29}},"15":{"start":{"line":30,"column":0},"end":{"line":47,"column":1}},"16":{"start":{"line":31,"column":2},"end":{"line":31,"column":18}},"17":{"start":{"line":32,"column":2},"end":{"line":39,"column":3}},"18":{"start":{"line":33,"column":4},"end":{"line":33,"column":27}},"19":{"start":{"line":35,"column":4},"end":{"line":37,"column":5}},"20":{"start":{"line":36,"column":6},"end":{"line":36,"column":78}},"21":{"start":{"line":38,"column":4},"end":{"line":38,"column":141}},"22":{"start":{"line":40,"column":2},"end":{"line":44,"column":3}},"23":{"start":{"line":41,"column":4},"end":{"line":41,"column":78}},"24":{"start":{"line":42,"column":9},"end":{"line":44,"column":3}},"25":{"start":{"line":43,"column":4},"end":{"line":43,"column":98}},"26":{"start":{"line":45,"column":2},"end":{"line":45,"column":30}},"27":{"start":{"line":46,"column":2},"end":{"line":46,"column":21}}},"branchMap":{"1":{"line":12,"type":"if","locations":[{"start":{"line":12,"column":2},"end":{"line":12,"column":2}},{"start":{"line":12,"column":2},"end":{"line":12,"column":2}}]},"2":{"line":12,"type":"binary-expr","locations":[{"start":{"line":12,"column":8},"end":{"line":12,"column":24}},{"start":{"line":12,"column":28},"end":{"line":12,"column":47}}]},"3":{"line":16,"type":"cond-expr","locations":[{"start":{"line":16,"column":16},"end":{"line":16,"column":26}},{"start":{"line":16,"column":29},"end":{"line":16,"column":31}}]},"4":{"line":35,"type":"if","locations":[{"start":{"line":35,"column":4},"end":{"line":35,"column":4}},{"start":{"line":35,"column":4},"end":{"line":35,"column":4}}]},"5":{"line":40,"type":"if","locations":[{"start":{"line":40,"column":2},"end":{"line":40,"column":2}},{"start":{"line":40,"column":2},"end":{"line":40,"column":2}}]},"6":{"line":40,"type":"binary-expr","locations":[{"start":{"line":40,"column":6},"end":{"line":40,"column":28}},{"start":{"line":40,"column":32},"end":{"line":40,"column":56}}]},"7":{"line":42,"type":"if","locations":[{"start":{"line":42,"column":9},"end":{"line":42,"column":9}},{"start":{"line":42,"column":9},"end":{"line":42,"column":9}}]}}},"/home/japostol/Documents/Gitlab/klark-js/lib/create-modules-dependency-model.js":{"path":"/home/japostol/Documents/Gitlab/klark-js/lib/create-modules-dependency-model.js","s":{"1":1,"2":1,"3":1,"4":1,"5":10,"6":1,"7":9,"8":9,"9":9,"10":22,"11":1,"12":8,"13":1,"14":23,"15":23,"16":1,"17":22,"18":22,"19":22,"20":34,"21":14,"22":20},"b":{"1":[1,9],"2":[1,22],"3":[22,22],"4":[14,20]},"f":{"1":10,"2":22,"3":23,"4":34},"fnMap":{"1":{"name":"createModulesDependencyModel","line":34,"loc":{"start":{"line":34,"column":0},"end":{"line":34,"column":52}}},"2":{"name":"(anonymous_2)","line":46,"loc":{"start":{"line":46,"column":25},"end":{"line":46,"column":47}}},"3":{"name":"addModuleDependencyModel","line":56,"loc":{"start":{"line":56,"column":0},"end":{"line":56,"column":71}}},"4":{"name":"(anonymous_4)","line":66,"loc":{"start":{"line":66,"column":35},"end":{"line":66,"column":56}}}},"statementMap":{"1":{"start":{"line":26,"column":0},"end":{"line":26,"column":33}},"2":{"start":{"line":27,"column":0},"end":{"line":27,"column":26}},"3":{"start":{"line":29,"column":0},"end":{"line":32,"column":2}},"4":{"start":{"line":34,"column":0},"end":{"line":54,"column":1}},"5":{"start":{"line":35,"column":2},"end":{"line":37,"column":3}},"6":{"start":{"line":36,"column":4},"end":{"line":36,"column":78}},"7":{"start":{"line":39,"column":2},"end":{"line":43,"column":4}},"8":{"start":{"line":45,"column":2},"end":{"line":51,"column":3}},"9":{"start":{"line":46,"column":4},"end":{"line":48,"column":7}},"10":{"start":{"line":47,"column":6},"end":{"line":47,"column":68}},"11":{"start":{"line":50,"column":4},"end":{"line":50,"column":29}},"12":{"start":{"line":53,"column":2},"end":{"line":53,"column":49}},"13":{"start":{"line":56,"column":0},"end":{"line":73,"column":1}},"14":{"start":{"line":57,"column":2},"end":{"line":57,"column":30}},"15":{"start":{"line":58,"column":2},"end":{"line":61,"column":3}},"16":{"start":{"line":59,"column":4},"end":{"line":60,"column":104}},"17":{"start":{"line":62,"column":2},"end":{"line":62,"column":66}},"18":{"start":{"line":64,"column":2},"end":{"line":65,"column":92}},"19":{"start":{"line":66,"column":2},"end":{"line":72,"column":5}},"20":{"start":{"line":67,"column":4},"end":{"line":71,"column":5}},"21":{"start":{"line":68,"column":6},"end":{"line":68,"column":74}},"22":{"start":{"line":70,"column":6},"end":{"line":70,"column":41}}},"branchMap":{"1":{"line":35,"type":"if","locations":[{"start":{"line":35,"column":2},"end":{"line":35,"column":2}},{"start":{"line":35,"column":2},"end":{"line":35,"column":2}}]},"2":{"line":58,"type":"if","locations":[{"start":{"line":58,"column":2},"end":{"line":58,"column":2}},{"start":{"line":58,"column":2},"end":{"line":58,"column":2}}]},"3":{"line":64,"type":"binary-expr","locations":[{"start":{"line":64,"column":21},"end":{"line":64,"column":78}},{"start":{"line":65,"column":28},"end":{"line":65,"column":90}}]},"4":{"line":67,"type":"if","locations":[{"start":{"line":67,"column":4},"end":{"line":67,"column":4}},{"start":{"line":67,"column":4},"end":{"line":67,"column":4}}]}}},"/home/japostol/Documents/Gitlab/klark-js/lib/resolve-modules-dependency-model.js":{"path":"/home/japostol/Documents/Gitlab/klark-js/lib/resolve-modules-dependency-model.js","s":{"1":1,"2":1,"3":1,"4":1,"5":1,"6":10,"7":1,"8":9,"9":9,"10":29,"11":40,"12":9,"13":9,"14":8,"15":8,"16":1,"17":1,"18":1,"19":1},"b":{"1":[1,9],"2":[10,9],"3":[1,0],"4":[1,0]},"f":{"1":10,"2":29,"3":40},"fnMap":{"1":{"name":"resolveModulesDependencyModel","line":10,"loc":{"start":{"line":10,"column":0},"end":{"line":10,"column":63}}},"2":{"name":"(anonymous_2)","line":16,"loc":{"start":{"line":16,"column":62},"end":{"line":16,"column":97}}},"3":{"name":"(anonymous_3)","line":17,"loc":{"start":{"line":17,"column":25},"end":{"line":17,"column":56}}}},"statementMap":{"1":{"start":{"line":3,"column":0},"end":{"line":3,"column":33}},"2":{"start":{"line":4,"column":0},"end":{"line":4,"column":26}},"3":{"start":{"line":6,"column":0},"end":{"line":6,"column":63}},"4":{"start":{"line":8,"column":0},"end":{"line":8,"column":47}},"5":{"start":{"line":10,"column":0},"end":{"line":33,"column":1}},"6":{"start":{"line":11,"column":2},"end":{"line":13,"column":3}},"7":{"start":{"line":12,"column":4},"end":{"line":12,"column":79}},"8":{"start":{"line":15,"column":2},"end":{"line":15,"column":37}},"9":{"start":{"line":16,"column":2},"end":{"line":20,"column":5}},"10":{"start":{"line":17,"column":4},"end":{"line":19,"column":7}},"11":{"start":{"line":18,"column":6},"end":{"line":18,"column":50}},"12":{"start":{"line":22,"column":2},"end":{"line":32,"column":3}},"13":{"start":{"line":23,"column":4},"end":{"line":23,"column":42}},"14":{"start":{"line":24,"column":4},"end":{"line":24,"column":67}},"15":{"start":{"line":25,"column":4},"end":{"line":25,"column":51}},"16":{"start":{"line":27,"column":4},"end":{"line":27,"column":12}},"17":{"start":{"line":28,"column":4},"end":{"line":30,"column":5}},"18":{"start":{"line":29,"column":6},"end":{"line":29,"column":87}},"19":{"start":{"line":31,"column":4},"end":{"line":31,"column":36}}},"branchMap":{"1":{"line":11,"type":"if","locations":[{"start":{"line":11,"column":2},"end":{"line":11,"column":2}},{"start":{"line":11,"column":2},"end":{"line":11,"column":2}}]},"2":{"line":11,"type":"binary-expr","locations":[{"start":{"line":11,"column":8},"end":{"line":11,"column":42}},{"start":{"line":11,"column":46},"end":{"line":11,"column":109}}]},"3":{"line":28,"type":"if","locations":[{"start":{"line":28,"column":4},"end":{"line":28,"column":4}},{"start":{"line":28,"column":4},"end":{"line":28,"column":4}}]},"4":{"line":31,"type":"binary-expr","locations":[{"start":{"line":31,"column":26},"end":{"line":31,"column":29}},{"start":{"line":31,"column":33},"end":{"line":31,"column":34}}]}}},"/home/japostol/Documents/Gitlab/klark-js/lib/topological-graph-sort.js":{"path":"/home/japostol/Documents/Gitlab/klark-js/lib/topological-graph-sort.js","s":{"1":1,"2":1,"3":1,"4":9,"5":9,"6":1,"7":40,"8":40,"9":40,"10":1,"11":9,"12":9,"13":9,"14":9,"15":9,"16":25,"17":14,"18":8,"19":1,"20":52,"21":1,"22":1,"23":1,"24":51,"25":16,"26":35,"27":35,"28":32,"29":32},"b":{"1":[40,29],"2":[40,0],"3":[14,11],"4":[1,51],"5":[16,35]},"f":{"1":9,"2":40,"3":9,"4":25,"5":52},"fnMap":{"1":{"name":"topologicalGraphSort","line":9,"loc":{"start":{"line":9,"column":0},"end":{"line":9,"column":32}}},"2":{"name":"add","line":17,"loc":{"start":{"line":17,"column":2},"end":{"line":17,"column":34}}},"3":{"name":"sort","line":24,"loc":{"start":{"line":24,"column":2},"end":{"line":24,"column":18}}},"4":{"name":"(anonymous_4)","line":30,"loc":{"start":{"line":30,"column":18},"end":{"line":30,"column":40}}},"5":{"name":"visitNode","line":38,"loc":{"start":{"line":38,"column":4},"end":{"line":38,"column":29}}}},"statementMap":{"1":{"start":{"line":5,"column":0},"end":{"line":5,"column":26}},"2":{"start":{"line":7,"column":0},"end":{"line":7,"column":38}},"3":{"start":{"line":9,"column":0},"end":{"line":54,"column":1}},"4":{"start":{"line":10,"column":2},"end":{"line":10,"column":17}},"5":{"start":{"line":12,"column":2},"end":{"line":15,"column":4}},"6":{"start":{"line":17,"column":2},"end":{"line":22,"column":3}},"7":{"start":{"line":18,"column":4},"end":{"line":18,"column":56}},"8":{"start":{"line":19,"column":4},"end":{"line":21,"column":5}},"9":{"start":{"line":20,"column":6},"end":{"line":20,"column":27}},"10":{"start":{"line":24,"column":2},"end":{"line":53,"column":3}},"11":{"start":{"line":25,"column":4},"end":{"line":25,"column":17}},"12":{"start":{"line":26,"column":4},"end":{"line":26,"column":17}},"13":{"start":{"line":27,"column":4},"end":{"line":27,"column":20}},"14":{"start":{"line":28,"column":4},"end":{"line":28,"column":19}},"15":{"start":{"line":30,"column":4},"end":{"line":34,"column":7}},"16":{"start":{"line":31,"column":6},"end":{"line":33,"column":7}},"17":{"start":{"line":32,"column":8},"end":{"line":32,"column":24}},"18":{"start":{"line":36,"column":4},"end":{"line":36,"column":18}},"19":{"start":{"line":38,"column":4},"end":{"line":52,"column":5}},"20":{"start":{"line":39,"column":6},"end":{"line":45,"column":7}},"21":{"start":{"line":40,"column":8},"end":{"line":40,"column":50}},"22":{"start":{"line":41,"column":8},"end":{"line":41,"column":31}},"23":{"start":{"line":42,"column":8},"end":{"line":42,"column":25}},"24":{"start":{"line":43,"column":13},"end":{"line":45,"column":7}},"25":{"start":{"line":44,"column":8},"end":{"line":44,"column":15}},"26":{"start":{"line":47,"column":6},"end":{"line":47,"column":25}},"27":{"start":{"line":48,"column":6},"end":{"line":48,"column":37}},"28":{"start":{"line":49,"column":6},"end":{"line":49,"column":25}},"29":{"start":{"line":51,"column":6},"end":{"line":51,"column":24}}},"branchMap":{"1":{"line":18,"type":"binary-expr","locations":[{"start":{"line":18,"column":16},"end":{"line":18,"column":30}},{"start":{"line":18,"column":35},"end":{"line":18,"column":54}}]},"2":{"line":19,"type":"if","locations":[{"start":{"line":19,"column":4},"end":{"line":19,"column":4}},{"start":{"line":19,"column":4},"end":{"line":19,"column":4}}]},"3":{"line":31,"type":"if","locations":[{"start":{"line":31,"column":6},"end":{"line":31,"column":6}},{"start":{"line":31,"column":6},"end":{"line":31,"column":6}}]},"4":{"line":39,"type":"if","locations":[{"start":{"line":39,"column":6},"end":{"line":39,"column":6}},{"start":{"line":39,"column":6},"end":{"line":39,"column":6}}]},"5":{"line":43,"type":"if","locations":[{"start":{"line":43,"column":13},"end":{"line":43,"column":13}},{"start":{"line":43,"column":13},"end":{"line":43,"column":13}}]}}},"/home/japostol/Documents/Gitlab/klark-js/lib/instantiate-modules.js":{"path":"/home/japostol/Documents/Gitlab/klark-js/lib/instantiate-modules.js","s":{"1":1,"2":1,"3":1,"4":1,"5":1,"6":8,"7":1,"8":7,"9":7,"10":7,"11":7,"12":0,"13":1,"14":8,"15":8,"16":14,"17":14,"18":14,"19":0,"20":8,"21":1,"22":8,"23":8,"24":22,"25":22,"26":22,"27":22,"28":22,"29":8,"30":1,"31":22,"32":36,"33":14,"34":22,"35":22,"36":0,"37":22,"38":1,"39":22,"40":22,"41":0},"b":{"1":[1,7],"2":[8,7,7,7],"3":[14,22],"4":[0,22]},"f":{"1":8,"2":8,"3":14,"4":8,"5":22,"6":22,"7":36,"8":22},"fnMap":{"1":{"name":"instantiateModules","line":16,"loc":{"start":{"line":16,"column":0},"end":{"line":16,"column":60}}},"2":{"name":"instantiateExternalDependencies","line":34,"loc":{"start":{"line":34,"column":0},"end":{"line":34,"column":63}}},"3":{"name":"(anonymous_3)","line":36,"loc":{"start":{"line":36,"column":31},"end":{"line":36,"column":67}}},"4":{"name":"instantiateInternalDependencies","line":47,"loc":{"start":{"line":47,"column":0},"end":{"line":47,"column":87}}},"5":{"name":"(anonymous_5)","line":49,"loc":{"start":{"line":49,"column":28},"end":{"line":49,"column":54}}},"6":{"name":"instantiateModuleDependencies","line":59,"loc":{"start":{"line":59,"column":0},"end":{"line":59,"column":84}}},"7":{"name":"(anonymous_7)","line":60,"loc":{"start":{"line":60,"column":41},"end":{"line":60,"column":62}}},"8":{"name":"instantiateModule","line":72,"loc":{"start":{"line":72,"column":0},"end":{"line":72,"column":61}}}},"statementMap":{"1":{"start":{"line":3,"column":0},"end":{"line":3,"column":33}},"2":{"start":{"line":4,"column":0},"end":{"line":4,"column":26}},"3":{"start":{"line":6,"column":0},"end":{"line":6,"column":33}},"4":{"start":{"line":8,"column":0},"end":{"line":12,"column":2}},"5":{"start":{"line":16,"column":0},"end":{"line":32,"column":1}},"6":{"start":{"line":17,"column":2},"end":{"line":23,"column":3}},"7":{"start":{"line":22,"column":4},"end":{"line":22,"column":79}},"8":{"start":{"line":25,"column":2},"end":{"line":31,"column":3}},"9":{"start":{"line":26,"column":4},"end":{"line":26,"column":89}},"10":{"start":{"line":27,"column":4},"end":{"line":27,"column":119}},"11":{"start":{"line":28,"column":4},"end":{"line":28,"column":59}},"12":{"start":{"line":30,"column":4},"end":{"line":30,"column":29}},"13":{"start":{"line":34,"column":0},"end":{"line":45,"column":1}},"14":{"start":{"line":35,"column":2},"end":{"line":35,"column":59}},"15":{"start":{"line":36,"column":2},"end":{"line":43,"column":5}},"16":{"start":{"line":37,"column":4},"end":{"line":42,"column":5}},"17":{"start":{"line":38,"column":6},"end":{"line":38,"column":79}},"18":{"start":{"line":39,"column":6},"end":{"line":39,"column":77}},"19":{"start":{"line":41,"column":6},"end":{"line":41,"column":115}},"20":{"start":{"line":44,"column":2},"end":{"line":44,"column":62}},"21":{"start":{"line":47,"column":0},"end":{"line":57,"column":1}},"22":{"start":{"line":48,"column":2},"end":{"line":48,"column":59}},"23":{"start":{"line":49,"column":2},"end":{"line":55,"column":5}},"24":{"start":{"line":50,"column":4},"end":{"line":50,"column":74}},"25":{"start":{"line":51,"column":4},"end":{"line":51,"column":91}},"26":{"start":{"line":52,"column":4},"end":{"line":52,"column":105}},"27":{"start":{"line":53,"column":4},"end":{"line":53,"column":77}},"28":{"start":{"line":54,"column":4},"end":{"line":54,"column":42}},"29":{"start":{"line":56,"column":2},"end":{"line":56,"column":62}},"30":{"start":{"line":59,"column":0},"end":{"line":70,"column":1}},"31":{"start":{"line":60,"column":2},"end":{"line":69,"column":5}},"32":{"start":{"line":61,"column":4},"end":{"line":63,"column":5}},"33":{"start":{"line":62,"column":6},"end":{"line":62,"column":82}},"34":{"start":{"line":64,"column":4},"end":{"line":64,"column":91}},"35":{"start":{"line":65,"column":4},"end":{"line":67,"column":5}},"36":{"start":{"line":66,"column":6},"end":{"line":66,"column":102}},"37":{"start":{"line":68,"column":4},"end":{"line":68,"column":32}},"38":{"start":{"line":72,"column":0},"end":{"line":78,"column":1}},"39":{"start":{"line":73,"column":2},"end":{"line":77,"column":3}},"40":{"start":{"line":74,"column":4},"end":{"line":74,"column":72}},"41":{"start":{"line":76,"column":4},"end":{"line":76,"column":156}}},"branchMap":{"1":{"line":17,"type":"if","locations":[{"start":{"line":17,"column":2},"end":{"line":17,"column":2}},{"start":{"line":17,"column":2},"end":{"line":17,"column":2}}]},"2":{"line":17,"type":"binary-expr","locations":[{"start":{"line":17,"column":8},"end":{"line":17,"column":50}},{"start":{"line":18,"column":7},"end":{"line":18,"column":67}},{"start":{"line":19,"column":7},"end":{"line":19,"column":70}},{"start":{"line":20,"column":7},"end":{"line":20,"column":70}}]},"3":{"line":61,"type":"if","locations":[{"start":{"line":61,"column":4},"end":{"line":61,"column":4}},{"start":{"line":61,"column":4},"end":{"line":61,"column":4}}]},"4":{"line":65,"type":"if","locations":[{"start":{"line":65,"column":4},"end":{"line":65,"column":4}},{"start":{"line":65,"column":4},"end":{"line":65,"column":4}}]}}},"/home/japostol/Documents/Gitlab/klark-js/lib/klark.js":{"path":"/home/japostol/Documents/Gitlab/klark-js/lib/klark.js","s":{"1":1,"2":1,"3":1,"4":1,"5":1,"6":1,"7":1,"8":1,"9":1,"10":1,"11":1,"12":1,"13":1,"14":6,"15":6,"16":6,"17":6,"18":6,"19":6,"20":6,"21":6,"22":6,"23":6,"24":6,"25":6,"26":6,"27":0,"28":0},"b":{},"f":{"1":6,"2":6,"3":6,"4":6,"5":6,"6":6,"7":6,"8":0},"fnMap":{"1":{"name":"runApplication","line":20,"loc":{"start":{"line":20,"column":0},"end":{"line":20,"column":38}}},"2":{"name":"(anonymous_2)","line":27,"loc":{"start":{"line":27,"column":10},"end":{"line":27,"column":21}}},"3":{"name":"(anonymous_3)","line":30,"loc":{"start":{"line":30,"column":10},"end":{"line":30,"column":29}}},"4":{"name":"(anonymous_4)","line":34,"loc":{"start":{"line":34,"column":10},"end":{"line":34,"column":33}}},"5":{"name":"(anonymous_5)","line":37,"loc":{"start":{"line":37,"column":10},"end":{"line":37,"column":43}}},"6":{"name":"(anonymous_6)","line":40,"loc":{"start":{"line":40,"column":10},"end":{"line":40,"column":51}}},"7":{"name":"(anonymous_7)","line":43,"loc":{"start":{"line":43,"column":10},"end":{"line":43,"column":41}}},"8":{"name":"(anonymous_8)","line":47,"loc":{"start":{"line":47,"column":11},"end":{"line":47,"column":28}}}},"statementMap":{"1":{"start":{"line":3,"column":0},"end":{"line":3,"column":33}},"2":{"start":{"line":4,"column":0},"end":{"line":4,"column":26}},"3":{"start":{"line":5,"column":0},"end":{"line":5,"column":27}},"4":{"start":{"line":7,"column":0},"end":{"line":7,"column":33}},"5":{"start":{"line":8,"column":0},"end":{"line":8,"column":60}},"6":{"start":{"line":9,"column":0},"end":{"line":9,"column":65}},"7":{"start":{"line":10,"column":0},"end":{"line":10,"column":59}},"8":{"start":{"line":11,"column":0},"end":{"line":11,"column":80}},"9":{"start":{"line":12,"column":0},"end":{"line":12,"column":82}},"10":{"start":{"line":13,"column":0},"end":{"line":13,"column":58}},"11":{"start":{"line":14,"column":0},"end":{"line":14,"column":38}},"12":{"start":{"line":16,"column":0},"end":{"line":18,"column":2}},"13":{"start":{"line":20,"column":0},"end":{"line":51,"column":1}},"14":{"start":{"line":21,"column":2},"end":{"line":21,"column":49}},"15":{"start":{"line":23,"column":2},"end":{"line":23,"column":22}},"16":{"start":{"line":24,"column":2},"end":{"line":24,"column":38}},"17":{"start":{"line":25,"column":2},"end":{"line":25,"column":40}},"18":{"start":{"line":26,"column":2},"end":{"line":50,"column":7}},"19":{"start":{"line":28,"column":6},"end":{"line":28,"column":78}},"20":{"start":{"line":31,"column":6},"end":{"line":31,"column":87}},"21":{"start":{"line":32,"column":6},"end":{"line":32,"column":62}},"22":{"start":{"line":35,"column":6},"end":{"line":35,"column":63}},"23":{"start":{"line":38,"column":6},"end":{"line":38,"column":67}},"24":{"start":{"line":41,"column":6},"end":{"line":41,"column":76}},"25":{"start":{"line":44,"column":6},"end":{"line":44,"column":79}},"26":{"start":{"line":45,"column":6},"end":{"line":45,"column":44}},"27":{"start":{"line":48,"column":6},"end":{"line":48,"column":27}},"28":{"start":{"line":49,"column":6},"end":{"line":49,"column":19}}},"branchMap":{}},"/home/japostol/Documents/Gitlab/klark-js/lib/klark-api.js":{"path":"/home/japostol/Documents/Gitlab/klark-js/lib/klark-api.js","s":{"1":1,"2":1,"3":1,"4":1,"5":1,"6":1,"7":1,"8":1,"9":6,"10":0,"11":6,"12":1,"13":2,"14":2,"15":1,"16":6,"17":6,"18":1,"19":5,"20":5,"21":5,"22":0,"23":5,"24":1,"25":1,"26":1,"27":1,"28":1,"29":1,"30":1,"31":1,"32":1,"33":1,"34":0,"35":0,"36":1,"37":1,"38":3,"39":1,"40":1,"41":1,"42":1,"43":1,"44":1,"45":1,"46":1,"47":0,"48":1,"49":14,"50":0},"b":{"1":[0,6],"2":[6,6,6,6],"3":[2,1],"4":[6,4],"5":[0,5],"6":[0,14],"7":[14,14]},"f":{"1":6,"2":2,"3":6,"4":5,"5":1,"6":1,"7":1,"8":0,"9":0,"10":1,"11":3,"12":1,"13":14},"fnMap":{"1":{"name":"klarkApi","line":13,"loc":{"start":{"line":13,"column":0},"end":{"line":13,"column":40}}},"2":{"name":"getModule","line":32,"loc":{"start":{"line":32,"column":2},"end":{"line":32,"column":27}}},"3":{"name":"getInnerModule","line":38,"loc":{"start":{"line":38,"column":2},"end":{"line":38,"column":32}}},"4":{"name":"getExternalModule","line":45,"loc":{"start":{"line":45,"column":2},"end":{"line":45,"column":35}}},"5":{"name":"injectExternalModule","line":55,"loc":{"start":{"line":55,"column":2},"end":{"line":55,"column":38}}},"6":{"name":"injectInternalModuleFromMetadata","line":61,"loc":{"start":{"line":61,"column":2},"end":{"line":61,"column":68}}},"7":{"name":"(anonymous_7)","line":62,"loc":{"start":{"line":62,"column":44},"end":{"line":62,"column":55}}},"8":{"name":"injectInternalModuleFromFilepath","line":69,"loc":{"start":{"line":69,"column":2},"end":{"line":69,"column":54}}},"9":{"name":"(anonymous_9)","line":70,"loc":{"start":{"line":70,"column":42},"end":{"line":70,"column":53}}},"10":{"name":"getApplicationDependenciesGraph","line":75,"loc":{"start":{"line":75,"column":2},"end":{"line":75,"column":45}}},"11":{"name":"(anonymous_11)","line":76,"loc":{"start":{"line":76,"column":66},"end":{"line":76,"column":100}}},"12":{"name":"injectInternalModule","line":81,"loc":{"start":{"line":81,"column":2},"end":{"line":81,"column":59}}},"13":{"name":"validateStringParameter","line":94,"loc":{"start":{"line":94,"column":2},"end":{"line":94,"column":42}}}},"statementMap":{"1":{"start":{"line":3,"column":0},"end":{"line":3,"column":33}},"2":{"start":{"line":4,"column":0},"end":{"line":4,"column":26}},"3":{"start":{"line":6,"column":0},"end":{"line":6,"column":52}},"4":{"start":{"line":7,"column":0},"end":{"line":7,"column":59}},"5":{"start":{"line":8,"column":0},"end":{"line":8,"column":80}},"6":{"start":{"line":9,"column":0},"end":{"line":9,"column":58}},"7":{"start":{"line":11,"column":0},"end":{"line":11,"column":26}},"8":{"start":{"line":13,"column":0},"end":{"line":100,"column":1}},"9":{"start":{"line":14,"column":2},"end":{"line":20,"column":3}},"10":{"start":{"line":19,"column":4},"end":{"line":19,"column":58}},"11":{"start":{"line":22,"column":2},"end":{"line":30,"column":4}},"12":{"start":{"line":32,"column":2},"end":{"line":36,"column":3}},"13":{"start":{"line":33,"column":4},"end":{"line":33,"column":34}},"14":{"start":{"line":35,"column":4},"end":{"line":35,"column":59}},"15":{"start":{"line":38,"column":2},"end":{"line":43,"column":3}},"16":{"start":{"line":39,"column":4},"end":{"line":39,"column":34}},"17":{"start":{"line":41,"column":4},"end":{"line":42,"column":68}},"18":{"start":{"line":45,"column":2},"end":{"line":53,"column":3}},"19":{"start":{"line":46,"column":4},"end":{"line":46,"column":34}},"20":{"start":{"line":48,"column":4},"end":{"line":48,"column":34}},"21":{"start":{"line":49,"column":4},"end":{"line":51,"column":5}},"22":{"start":{"line":50,"column":6},"end":{"line":50,"column":55}},"23":{"start":{"line":52,"column":4},"end":{"line":52,"column":73}},"24":{"start":{"line":55,"column":2},"end":{"line":59,"column":3}},"25":{"start":{"line":56,"column":4},"end":{"line":56,"column":34}},"26":{"start":{"line":57,"column":4},"end":{"line":57,"column":84}},"27":{"start":{"line":58,"column":4},"end":{"line":58,"column":35}},"28":{"start":{"line":61,"column":2},"end":{"line":67,"column":3}},"29":{"start":{"line":62,"column":4},"end":{"line":66,"column":7}},"30":{"start":{"line":63,"column":6},"end":{"line":63,"column":30}},"31":{"start":{"line":64,"column":6},"end":{"line":64,"column":61}},"32":{"start":{"line":65,"column":6},"end":{"line":65,"column":25}},"33":{"start":{"line":69,"column":2},"end":{"line":73,"column":3}},"34":{"start":{"line":70,"column":4},"end":{"line":72,"column":7}},"35":{"start":{"line":71,"column":6},"end":{"line":71,"column":31}},"36":{"start":{"line":75,"column":2},"end":{"line":79,"column":3}},"37":{"start":{"line":76,"column":4},"end":{"line":78,"column":11}},"38":{"start":{"line":77,"column":6},"end":{"line":77,"column":75}},"39":{"start":{"line":81,"column":2},"end":{"line":92,"column":3}},"40":{"start":{"line":82,"column":4},"end":{"line":91,"column":5}},"41":{"start":{"line":83,"column":6},"end":{"line":83,"column":84}},"42":{"start":{"line":84,"column":6},"end":{"line":84,"column":36}},"43":{"start":{"line":85,"column":6},"end":{"line":85,"column":95}},"44":{"start":{"line":86,"column":6},"end":{"line":86,"column":93}},"45":{"start":{"line":87,"column":6},"end":{"line":87,"column":54}},"46":{"start":{"line":88,"column":6},"end":{"line":88,"column":45}},"47":{"start":{"line":90,"column":6},"end":{"line":90,"column":31}},"48":{"start":{"line":94,"column":2},"end":{"line":98,"column":3}},"49":{"start":{"line":95,"column":4},"end":{"line":97,"column":5}},"50":{"start":{"line":96,"column":6},"end":{"line":96,"column":43}}},"branchMap":{"1":{"line":14,"type":"if","locations":[{"start":{"line":14,"column":2},"end":{"line":14,"column":2}},{"start":{"line":14,"column":2},"end":{"line":14,"column":2}}]},"2":{"line":14,"type":"binary-expr","locations":[{"start":{"line":14,"column":8},"end":{"line":14,"column":40}},{"start":{"line":15,"column":7},"end":{"line":15,"column":57}},{"start":{"line":16,"column":7},"end":{"line":16,"column":60}},{"start":{"line":17,"column":7},"end":{"line":17,"column":60}}]},"3":{"line":35,"type":"binary-expr","locations":[{"start":{"line":35,"column":11},"end":{"line":35,"column":31}},{"start":{"line":35,"column":35},"end":{"line":35,"column":58}}]},"4":{"line":41,"type":"binary-expr","locations":[{"start":{"line":41,"column":11},"end":{"line":41,"column":58}},{"start":{"line":42,"column":11},"end":{"line":42,"column":67}}]},"5":{"line":49,"type":"if","locations":[{"start":{"line":49,"column":4},"end":{"line":49,"column":4}},{"start":{"line":49,"column":4},"end":{"line":49,"column":4}}]},"6":{"line":95,"type":"if","locations":[{"start":{"line":95,"column":4},"end":{"line":95,"column":4}},{"start":{"line":95,"column":4},"end":{"line":95,"column":4}}]},"7":{"line":95,"type":"binary-expr","locations":[{"start":{"line":95,"column":8},"end":{"line":95,"column":26}},{"start":{"line":95,"column":30},"end":{"line":95,"column":36}}]}}}}