TN:
SF:/home/japostol/Documents/Gitlab/klark-js/lib/logger.js
FN:19,setLoggerDecorator
FN:23,setLogLevel
FN:27,low
FN:33,middle
FN:39,high
FN:45,log
FN:49,info
FN:53,warn
FN:57,error
FN:61,assert
FN:67,apply
FNF:11
FNH:11
FNDA:6,setLoggerDecorator
FNDA:9,setLogLevel
FNDA:1,low
FNDA:13,middle
FNDA:76,high
FNDA:1,log
FNDA:1,info
FNDA:1,warn
FNDA:1,error
FNDA:2,assert
FNDA:7,apply
DA:3,1
DA:16,1
DA:17,1
DA:19,1
DA:20,6
DA:23,1
DA:24,9
DA:27,1
DA:28,1
DA:29,1
DA:33,1
DA:34,13
DA:35,1
DA:39,1
DA:40,76
DA:41,1
DA:45,1
DA:46,1
DA:49,1
DA:50,1
DA:53,1
DA:54,1
DA:57,1
DA:58,1
DA:61,1
DA:62,2
DA:63,1
DA:67,1
DA:68,7
DA:69,7
DA:70,7
DA:72,0
LF:32
LH:31
BRDA:28,1,0,1
BRDA:28,1,1,0
BRDA:28,2,0,1
BRDA:28,2,1,0
BRDA:28,2,2,0
BRDA:34,3,0,1
BRDA:34,3,1,12
BRDA:34,4,0,13
BRDA:34,4,1,13
BRDA:40,5,0,1
BRDA:40,5,1,75
BRDA:62,6,0,1
BRDA:62,6,1,1
BRDA:69,7,0,7
BRDA:69,7,1,0
BRF:15
BRH:11
end_of_record
TN:
SF:/home/japostol/Documents/Gitlab/klark-js/lib/configuration-loader.js
FN:9,configurationLoader
FN:19,getDefaultConfig
FN:21,(anonymous_3)
FNF:3
FNH:3
FNDA:12,configurationLoader
FNDA:12,getDefaultConfig
FNDA:1,(anonymous_3)
DA:3,1
DA:5,1
DA:7,1
DA:9,1
DA:10,12
DA:11,12
DA:13,12
DA:14,12
DA:16,12
DA:19,1
DA:20,12
DA:22,1
DA:23,1
DA:24,1
LF:14
LH:14
BRDA:10,1,0,12
BRDA:10,1,1,5
BRF:2
BRH:2
end_of_record
TN:
SF:/home/japostol/Documents/Gitlab/klark-js/lib/module-decorator.js
FN:14,moduleDecorator
FN:46,getParameterNames
FN:52,toKebabCaseOnlyCharacters
FN:54,(anonymous_4)
FN:64,isAlphaNumericUpperCase
FN:68,exportDependency
FN:83,isExternalControllerParameterName
FNF:7
FNH:7
FNDA:7,moduleDecorator
FNDA:5,getParameterNames
FNDA:5,toKebabCaseOnlyCharacters
FNDA:36,(anonymous_4)
FNDA:36,isAlphaNumericUpperCase
FNDA:11,exportDependency
FNDA:16,isExternalControllerParameterName
DA:3,1
DA:5,1
DA:7,1
DA:14,1
DA:15,7
DA:16,1
DA:19,6
DA:20,0
DA:23,0
DA:26,6
DA:27,1
DA:30,1
DA:33,5
DA:34,5
DA:36,5
DA:43,1
DA:44,1
DA:46,1
DA:47,5
DA:48,5
DA:49,5
DA:52,1
DA:53,5
DA:54,5
DA:55,36
DA:56,36
DA:57,36
DA:58,2
DA:61,5
DA:64,1
DA:65,36
DA:68,1
DA:69,11
DA:70,11
DA:71,11
DA:72,5
DA:73,5
DA:74,5
DA:77,11
DA:83,1
DA:84,16
LF:41
LH:39
BRDA:15,1,0,1
BRDA:15,1,1,6
BRDA:15,2,0,7
BRDA:15,2,1,6
BRDA:19,3,0,0
BRDA:19,3,1,6
BRDA:19,4,0,6
BRDA:19,4,1,6
BRDA:26,5,0,1
BRDA:26,5,1,5
BRDA:49,6,0,0
BRDA:49,6,1,5
BRDA:57,7,0,2
BRDA:57,7,1,34
BRDA:65,8,0,36
BRDA:65,8,1,31
BRDA:65,8,2,31
BRDA:71,9,0,5
BRDA:71,9,1,6
BRDA:74,10,0,5
BRDA:74,10,1,5
BRF:21
BRH:19
end_of_record
TN:
SF:/home/japostol/Documents/Gitlab/klark-js/lib/track-application-files.js
FN:9,trackApplicationFiles
FN:15,(anonymous_2)
FNF:2
FNH:2
FNDA:9,trackApplicationFiles
FNDA:8,(anonymous_2)
DA:3,1
DA:4,1
DA:5,1
DA:7,1
DA:9,1
DA:10,9
DA:11,1
DA:14,8
DA:16,8
DA:17,1
DA:19,7
LF:11
LH:11
BRDA:10,1,0,1
BRDA:10,1,1,8
BRDA:10,2,0,9
BRDA:10,2,1,8
BRDA:16,3,0,1
BRDA:16,3,1,7
BRDA:16,4,0,8
BRDA:16,4,1,8
BRF:8
BRH:8
end_of_record
TN:
SF:/home/japostol/Documents/Gitlab/klark-js/lib/gather-modules-model.js
FN:11,gatherModulesModel
FN:18,(anonymous_2)
FN:20,(anonymous_3)
FN:30,tryLoadModule
FNF:4
FNH:4
FNDA:12,gatherModulesModel
FNDA:25,(anonymous_2)
FNDA:25,(anonymous_3)
FNDA:26,tryLoadModule
DA:3,1
DA:4,1
DA:6,1
DA:11,1
DA:12,12
DA:13,1
DA:16,11
DA:17,11
DA:18,11
DA:19,25
DA:20,25
DA:21,25
DA:24,8
DA:26,3
DA:30,1
DA:31,26
DA:32,26
DA:33,26
DA:35,2
DA:36,1
DA:38,1
DA:40,24
DA:41,0
DA:42,24
DA:43,1
DA:45,23
DA:46,23
LF:27
LH:26
BRDA:12,1,0,1
BRDA:12,1,1,11
BRDA:12,2,0,12
BRDA:12,2,1,11
BRDA:16,3,0,10
BRDA:16,3,1,1
BRDA:35,4,0,1
BRDA:35,4,1,1
BRDA:40,5,0,0
BRDA:40,5,1,24
BRDA:40,6,0,24
BRDA:40,6,1,24
BRDA:42,7,0,1
BRDA:42,7,1,23
BRF:14
BRH:13
end_of_record
TN:
SF:/home/japostol/Documents/Gitlab/klark-js/lib/create-modules-dependency-model.js
FN:34,createModulesDependencyModel
FN:46,(anonymous_2)
FN:56,addModuleDependencyModel
FN:66,(anonymous_4)
FNF:4
FNH:4
FNDA:10,createModulesDependencyModel
FNDA:22,(anonymous_2)
FNDA:23,addModuleDependencyModel
FNDA:34,(anonymous_4)
DA:26,1
DA:27,1
DA:29,1
DA:34,1
DA:35,10
DA:36,1
DA:39,9
DA:45,9
DA:46,9
DA:47,22
DA:50,1
DA:53,8
DA:56,1
DA:57,23
DA:58,23
DA:59,1
DA:62,22
DA:64,22
DA:66,22
DA:67,34
DA:68,14
DA:70,20
LF:22
LH:22
BRDA:35,1,0,1
BRDA:35,1,1,9
BRDA:58,2,0,1
BRDA:58,2,1,22
BRDA:64,3,0,22
BRDA:64,3,1,22
BRDA:67,4,0,14
BRDA:67,4,1,20
BRF:8
BRH:8
end_of_record
TN:
SF:/home/japostol/Documents/Gitlab/klark-js/lib/resolve-modules-dependency-model.js
FN:10,resolveModulesDependencyModel
FN:16,(anonymous_2)
FN:17,(anonymous_3)
FNF:3
FNH:3
FNDA:10,resolveModulesDependencyModel
FNDA:29,(anonymous_2)
FNDA:40,(anonymous_3)
DA:3,1
DA:4,1
DA:6,1
DA:8,1
DA:10,1
DA:11,10
DA:12,1
DA:15,9
DA:16,9
DA:17,29
DA:18,40
DA:22,9
DA:23,9
DA:24,8
DA:25,8
DA:27,1
DA:28,1
DA:29,1
DA:31,1
LF:19
LH:19
BRDA:11,1,0,1
BRDA:11,1,1,9
BRDA:11,2,0,10
BRDA:11,2,1,9
BRDA:28,3,0,1
BRDA:28,3,1,0
BRDA:31,4,0,1
BRDA:31,4,1,0
BRF:8
BRH:6
end_of_record
TN:
SF:/home/japostol/Documents/Gitlab/klark-js/lib/topological-graph-sort.js
FN:9,topologicalGraphSort
FN:17,add
FN:24,sort
FN:30,(anonymous_4)
FN:38,visitNode
FNF:5
FNH:5
FNDA:9,topologicalGraphSort
FNDA:40,add
FNDA:9,sort
FNDA:25,(anonymous_4)
FNDA:52,visitNode
DA:5,1
DA:7,1
DA:9,1
DA:10,9
DA:12,9
DA:17,1
DA:18,40
DA:19,40
DA:20,40
DA:24,1
DA:25,9
DA:26,9
DA:27,9
DA:28,9
DA:30,9
DA:31,25
DA:32,14
DA:36,8
DA:38,1
DA:39,52
DA:40,1
DA:41,1
DA:42,1
DA:43,51
DA:44,16
DA:47,35
DA:48,35
DA:49,32
DA:51,32
LF:29
LH:29
BRDA:18,1,0,40
BRDA:18,1,1,29
BRDA:19,2,0,40
BRDA:19,2,1,0
BRDA:31,3,0,14
BRDA:31,3,1,11
BRDA:39,4,0,1
BRDA:39,4,1,51
BRDA:43,5,0,16
BRDA:43,5,1,35
BRF:10
BRH:9
end_of_record
TN:
SF:/home/japostol/Documents/Gitlab/klark-js/lib/instantiate-modules.js
FN:16,instantiateModules
FN:34,instantiateExternalDependencies
FN:36,(anonymous_3)
FN:47,instantiateInternalDependencies
FN:49,(anonymous_5)
FN:59,instantiateModuleDependencies
FN:60,(anonymous_7)
FN:72,instantiateModule
FNF:8
FNH:8
FNDA:8,instantiateModules
FNDA:8,instantiateExternalDependencies
FNDA:14,(anonymous_3)
FNDA:8,instantiateInternalDependencies
FNDA:22,(anonymous_5)
FNDA:22,instantiateModuleDependencies
FNDA:36,(anonymous_7)
FNDA:22,instantiateModule
DA:3,1
DA:4,1
DA:6,1
DA:8,1
DA:16,1
DA:17,8
DA:22,1
DA:25,7
DA:26,7
DA:27,7
DA:28,7
DA:30,0
DA:34,1
DA:35,8
DA:36,8
DA:37,14
DA:38,14
DA:39,14
DA:41,0
DA:44,8
DA:47,1
DA:48,8
DA:49,8
DA:50,22
DA:51,22
DA:52,22
DA:53,22
DA:54,22
DA:56,8
DA:59,1
DA:60,22
DA:61,36
DA:62,14
DA:64,22
DA:65,22
DA:66,0
DA:68,22
DA:72,1
DA:73,22
DA:74,22
DA:76,0
LF:41
LH:37
BRDA:17,1,0,1
BRDA:17,1,1,7
BRDA:17,2,0,8
BRDA:17,2,1,7
BRDA:17,2,2,7
BRDA:17,2,3,7
BRDA:61,3,0,14
BRDA:61,3,1,22
BRDA:65,4,0,0
BRDA:65,4,1,22
BRF:10
BRH:9
end_of_record
TN:
SF:/home/japostol/Documents/Gitlab/klark-js/lib/klark.js
FN:20,runApplication
FN:27,(anonymous_2)
FN:30,(anonymous_3)
FN:34,(anonymous_4)
FN:37,(anonymous_5)
FN:40,(anonymous_6)
FN:43,(anonymous_7)
FN:47,(anonymous_8)
FNF:8
FNH:7
FNDA:6,runApplication
FNDA:6,(anonymous_2)
FNDA:6,(anonymous_3)
FNDA:6,(anonymous_4)
FNDA:6,(anonymous_5)
FNDA:6,(anonymous_6)
FNDA:6,(anonymous_7)
FNDA:0,(anonymous_8)
DA:3,1
DA:4,1
DA:5,1
DA:7,1
DA:8,1
DA:9,1
DA:10,1
DA:11,1
DA:12,1
DA:13,1
DA:14,1
DA:16,1
DA:20,1
DA:21,6
DA:23,6
DA:24,6
DA:25,6
DA:26,6
DA:28,6
DA:31,6
DA:32,6
DA:35,6
DA:38,6
DA:41,6
DA:44,6
DA:45,6
DA:48,0
DA:49,0
LF:28
LH:26
BRF:0
BRH:0
end_of_record
TN:
SF:/home/japostol/Documents/Gitlab/klark-js/lib/klark-api.js
FN:13,klarkApi
FN:32,getModule
FN:38,getInnerModule
FN:45,getExternalModule
FN:55,injectExternalModule
FN:61,injectInternalModuleFromMetadata
FN:62,(anonymous_7)
FN:69,injectInternalModuleFromFilepath
FN:70,(anonymous_9)
FN:75,getApplicationDependenciesGraph
FN:76,(anonymous_11)
FN:81,injectInternalModule
FN:94,validateStringParameter
FNF:13
FNH:11
FNDA:6,klarkApi
FNDA:2,getModule
FNDA:6,getInnerModule
FNDA:5,getExternalModule
FNDA:1,injectExternalModule
FNDA:1,injectInternalModuleFromMetadata
FNDA:1,(anonymous_7)
FNDA:0,injectInternalModuleFromFilepath
FNDA:0,(anonymous_9)
FNDA:1,getApplicationDependenciesGraph
FNDA:3,(anonymous_11)
FNDA:1,injectInternalModule
FNDA:14,validateStringParameter
DA:3,1
DA:4,1
DA:6,1
DA:7,1
DA:8,1
DA:9,1
DA:11,1
DA:13,1
DA:14,6
DA:19,0
DA:22,6
DA:32,1
DA:33,2
DA:35,2
DA:38,1
DA:39,6
DA:41,6
DA:45,1
DA:46,5
DA:48,5
DA:49,5
DA:50,0
DA:52,5
DA:55,1
DA:56,1
DA:57,1
DA:58,1
DA:61,1
DA:62,1
DA:63,1
DA:64,1
DA:65,1
DA:69,1
DA:70,0
DA:71,0
DA:75,1
DA:76,1
DA:77,3
DA:81,1
DA:82,1
DA:83,1
DA:84,1
DA:85,1
DA:86,1
DA:87,1
DA:88,1
DA:90,0
DA:94,1
DA:95,14
DA:96,0
LF:50
LH:44
BRDA:14,1,0,0
BRDA:14,1,1,6
BRDA:14,2,0,6
BRDA:14,2,1,6
BRDA:14,2,2,6
BRDA:14,2,3,6
BRDA:35,3,0,2
BRDA:35,3,1,1
BRDA:41,4,0,6
BRDA:41,4,1,4
BRDA:49,5,0,0
BRDA:49,5,1,5
BRDA:95,6,0,0
BRDA:95,6,1,14
BRDA:95,7,0,14
BRDA:95,7,1,14
BRF:16
BRH:13
end_of_record
